2026-02-12 11:55:35,539 - INFO - HTTP Request: POST https://api.telegram.org/bot7998515967:AAGmHTHXYYpyGLzY0I0gjhKlqoi03VCe9U8/getUpdates "HTTP/1.1 200 OK"
2026-02-12 11:55:45,638 - INFO - HTTP Request: POST https://api.telegram.org/bot7998515967:AAGmHTHXYYpyGLzY0I0gjhKlqoi03VCe9U8/getUpdates "HTTP/1.1 200 OK"
2026-02-12 11:55:51,641 - INFO - HTTP Request: POST https://api.telegram.org/bot7998515967:AAGmHTHXYYpyGLzY0I0gjhKlqoi03VCe9U8/getUpdates "HTTP/1.1 200 OK"
2026-02-12 11:55:51,643 - INFO - Application is stopping. This might take a moment.
2026-02-12 11:55:51,643 - INFO - Application.stop() complete
2026-02-12 11:55:54,452 - INFO - HTTP Request: POST https://api.telegram.org/bot7998515967:AAGmHTHXYYpyGLzY0I0gjhKlqoi03VCe9U8/getMe "HTTP/1.1 200 OK"
2026-02-12 11:55:54,527 - INFO - HTTP Request: POST https://api.telegram.org/bot7998515967:AAGmHTHXYYpyGLzY0I0gjhKlqoi03VCe9U8/deleteWebhook "HTTP/1.1 200 OK"
2026-02-12 11:55:54,531 - INFO - Application started
2026-02-12 11:56:02,736 - INFO - HTTP Request: POST https://api.telegram.org/bot7998515967:AAGmHTHXYYpyGLzY0I0gjhKlqoi03VCe9U8/getUpdates "HTTP/1.1 200 OK"
2026-02-12 11:56:03,003 - INFO - HTTP Request: POST https://api.telegram.org/bot7998515967:AAGmHTHXYYpyGLzY0I0gjhKlqoi03VCe9U8/sendMessage "HTTP/1.1 200 OK"
2026-02-12 11:56:12,879 - INFO - HTTP Request: POST https://api.telegram.org/bot7998515967:AAGmHTHXYYpyGLzY0I0gjhKlqoi03VCe9U8/getUpdates "HTTP/1.1 200 OK"
2026-02-12 11:56:22,268 - INFO - HTTP Request: POST https://api.telegram.org/bot7998515967:AAGmHTHXYYpyGLzY0I0gjhKlqoi03VCe9U8/getUpdates "HTTP/1.1 200 OK"
2026-02-12 11:56:22,559 - INFO - HTTP Request: POST https://api.telegram.org/bot7998515967:AAGmHTHXYYpyGLzY0I0gjhKlqoi03VCe9U8/sendMessage "HTTP/1.1 200 OK"
2026-02-12 11:56:26,015 - INFO - HTTP Request: POST https://api.telegram.org/bot7998515967:AAGmHTHXYYpyGLzY0I0gjhKlqoi03VCe9U8/getUpdates "HTTP/1.1 200 OK"
2026-02-12 11:56:26,148 - INFO - HTTP Request: POST https://api.telegram.org/bot7998515967:AAGmHTHXYYpyGLzY0I0gjhKlqoi03VCe9U8/sendMessage "HTTP/1.1 200 OK"
2026-02-12 11:56:28,257 - INFO - HTTP Request: POST https://api.telegram.org/bot7998515967:AAGmHTHXYYpyGLzY0I0gjhKlqoi03VCe9U8/getUpdates "HTTP/1.1 200 OK"
2026-02-12 11:56:28,374 - INFO - HTTP Request: POST https://api.telegram.org/bot7998515967:AAGmHTHXYYpyGLzY0I0gjhKlqoi03VCe9U8/sendMessage "HTTP/1.1 200 OK"
2026-02-12 11:56:38,377 - INFO - HTTP Request: POST https://api.telegram.org/bot7998515967:AAGmHTHXYYpyGLzY0I0gjhKlqoi03VCe9U8/getUpdates "HTTP/1.1 200 OK"
2026-02-12 11:56:40,254 - INFO - HTTP Request: POST https://api.telegram.org/bot7998515967:AAGmHTHXYYpyGLzY0I0gjhKlqoi03VCe9U8/getUpdates "HTTP/1.1 200 OK"
2026-02-12 11:56:47,491 - INFO - HTTP Request: POST https://api.telegram.org/bot7998515967:AAGmHTHXYYpyGLzY0I0gjhKlqoi03VCe9U8/getUpdates "HTTP/1.1 200 OK"
2026-02-12 11:56:47,776 - INFO - HTTP Request: POST https://api.telegram.org/bot7998515967:AAGmHTHXYYpyGLzY0I0gjhKlqoi03VCe9U8/sendMessage "HTTP/1.1 200 OK"
2026-02-12 11:56:57,627 - INFO - HTTP Request: POST https://api.telegram.org/bot7998515967:AAGmHTHXYYpyGLzY0I0gjhKlqoi03VCe9U8/getUpdates "HTTP/1.1 200 OK"
2026-02-12 11:57:07,765 - INFO - HTTP Request: POST https://api.telegram.org/bot7998515967:AAGmHTHXYYpyGLzY0I0gjhKlqoi03VCe9U8/getUpdates "HTTP/1.1 200 OK"
2026-02-12 11:57:17,850 - INFO - HTTP Request: POST https://api.telegram.org/bot7998515967:AAGmHTHXYYpyGLzY0I0gjhKlqoi03VCe9U8/getUpdates "HTTP/1.1 200 OK"
2026-02-12 11:57:19,348 - INFO - HTTP Request: POST https://api.telegram.org/bot7998515967:AAGmHTHXYYpyGLzY0I0gjhKlqoi03VCe9U8/getUpdates "HTTP/1.1 200 OK"
2026-02-12 11:57:21,604 - INFO - HTTP Request: POST https://api.telegram.org/bot7998515967:AAGmHTHXYYpyGLzY0I0gjhKlqoi03VCe9U8/getUpdates "HTTP/1.1 200 OK"
2026-02-12 11:57:31,727 - INFO - HTTP Request: POST https://api.telegram.org/bot7998515967:AAGmHTHXYYpyGLzY0I0gjhKlqoi03VCe9U8/getUpdates "HTTP/1.1 200 OK"
2026-02-12 11:57:41,865 - INFO - HTTP Request: POST https://api.telegram.org/bot7998515967:AAGmHTHXYYpyGLzY0I0gjhKlqoi03VCe9U8/getUpdates "HTTP/1.1 200 OK"
2026-02-12 11:57:51,946 - INFO - HTTP Request: POST https://api.telegram.org/bot7998515967:AAGmHTHXYYpyGLzY0I0gjhKlqoi03VCe9U8/getUpdates "HTTP/1.1 200 OK"
2026-02-12 11:58:02,053 - INFO - HTTP Request: POST https://api.telegram.org/bot7998515967:AAGmHTHXYYpyGLzY0I0gjhKlqoi03VCe9U8/getUpdates "HTTP/1.1 200 OK"
2026-02-12 11:58:12,176 - INFO - HTTP Request: POST https://api.telegram.org/bot7998515967:AAGmHTHXYYpyGLzY0I0gjhKlqoi03VCe9U8/getUpdates "HTTP/1.1 200 OK"
2026-02-12 11:58:22,315 - INFO - HTTP Request: POST https://api.telegram.org/bot7998515967:AAGmHTHXYYpyGLzY0I0gjhKlqoi03VCe9U8/getUpdates "HTTP/1.1 200 OK"
2026-02-12 11:58:32,395 - INFO - HTTP Request: POST https://api.telegram.org/bot7998515967:AAGmHTHXYYpyGLzY0I0gjhKlqoi03VCe9U8/getUpdates "HTTP/1.1 200 OK"
2026-02-12 11:58:42,489 - INFO - HTTP Request: POST https://api.telegram.org/bot7998515967:AAGmHTHXYYpyGLzY0I0gjhKlqoi03VCe9U8/getUpdates "HTTP/1.1 200 OK"
2026-02-12 11:58:52,569 - INFO - HTTP Request: POST https://api.telegram.org/bot7998515967:AAGmHTHXYYpyGLzY0I0gjhKlqoi03VCe9U8/getUpdates "HTTP/1.1 200 OK"
2026-02-12 11:59:02,648 - INFO - HTTP Request: POST https://api.telegram.org/bot7998515967:AAGmHTHXYYpyGLzY0I0gjhKlqoi03VCe9U8/getUpdates "HTTP/1.1 200 OK"
2026-02-12 11:59:12,758 - INFO - HTTP Request: POST https://api.telegram.org/bot7998515967:AAGmHTHXYYpyGLzY0I0gjhKlqoi03VCe9U8/getUpdates "HTTP/1.1 200 OK"
